Connecting to database specified by database.yml


Started GET "/assets/rails.png" for 127.0.0.1 at 2013-09-20 09:44:40 +0530
Served asset /rails.png - 200 OK (84ms)
Connecting to database specified by database.yml


Started GET "/" for 127.0.0.1 at 2013-09-20 09:44:57 +0530
Processing by HomeController#index as HTML
Completed 500 Internal Server Error in 90ms

ActionView::MissingTemplate (Missing template home/index, application/index with {:locale=>[:en], :formats=>[:html], :handlers=>[:erb, :builder, :coffee, :haml]}. Searched in:
  * "/home/ani/.elance/YinHuang/tmp/ImgUploader/app/views"
):
  actionpack (3.2.13) lib/action_view/path_set.rb:58:in `find'
  actionpack (3.2.13) lib/action_view/lookup_context.rb:109:in `find'
  actionpack (3.2.13) lib/action_view/renderer/abstract_renderer.rb:3:in `find_template'
  actionpack (3.2.13) lib/action_view/renderer/template_renderer.rb:34:in `determine_template'
  actionpack (3.2.13) lib/action_view/renderer/template_renderer.rb:10:in `render'
  actionpack (3.2.13) lib/action_view/renderer/renderer.rb:36:in `render_template'
  actionpack (3.2.13) lib/action_view/renderer/renderer.rb:17:in `render'
  actionpack (3.2.13) lib/abstract_controller/rendering.rb:110:in `_render_template'
  actionpack (3.2.13) lib/action_controller/metal/streaming.rb:225:in `_render_template'
  actionpack (3.2.13) lib/abstract_controller/rendering.rb:103:in `render_to_body'
  actionpack (3.2.13) lib/action_controller/metal/renderers.rb:28:in `render_to_body'
  actionpack (3.2.13) lib/action_controller/metal/compatibility.rb:50:in `render_to_body'
  actionpack (3.2.13) lib/abstract_controller/rendering.rb:88:in `render'
  actionpack (3.2.13) lib/action_controller/metal/rendering.rb:16:in `render'
  actionpack (3.2.13) lib/action_controller/metal/instrumentation.rb:40:in `block (2 levels) in render'
  activesupport (3.2.13) lib/active_support/core_ext/benchmark.rb:5:in `block in ms'
  /home/ani/.rvm/rubies/ruby-1.9.3-p194/lib/ruby/1.9.1/benchmark.rb:295:in `realtime'
  activesupport (3.2.13) lib/active_support/core_ext/benchmark.rb:5:in `ms'
  actionpack (3.2.13) lib/action_controller/metal/instrumentation.rb:40:in `block in render'
  actionpack (3.2.13) lib/action_controller/metal/instrumentation.rb:83:in `cleanup_view_runtime'
  activerecord (3.2.13) lib/active_record/railties/controller_runtime.rb:24:in `cleanup_view_runtime'
  actionpack (3.2.13) lib/action_controller/metal/instrumentation.rb:39:in `render'
  actionpack (3.2.13) lib/action_controller/metal/implicit_render.rb:10:in `default_render'
  actionpack (3.2.13) lib/action_controller/metal/implicit_render.rb:5:in `send_action'
  actionpack (3.2.13) lib/abstract_controller/base.rb:167:in `process_action'
  actionpack (3.2.13) lib/action_controller/metal/rendering.rb:10:in `process_action'
  actionpack (3.2.13) lib/abstract_controller/callbacks.rb:18:in `block in process_action'
  activesupport (3.2.13) lib/active_support/callbacks.rb:414:in `_run__800261204586573861__process_action__1482280650628678102__callbacks'
  activesupport (3.2.13) lib/active_support/callbacks.rb:405:in `__run_callback'
  activesupport (3.2.13) lib/active_support/callbacks.rb:385:in `_run_process_action_callbacks'
  activesupport (3.2.13) lib/active_support/callbacks.rb:81:in `run_callbacks'
  actionpack (3.2.13) lib/abstract_controller/callbacks.rb:17:in `process_action'
  actionpack (3.2.13) lib/action_controller/metal/rescue.rb:29:in `process_action'
  actionpack (3.2.13) lib/action_controller/metal/instrumentation.rb:30:in `block in process_action'
  activesupport (3.2.13) lib/active_support/notifications.rb:123:in `block in instrument'
  activesupport (3.2.13) lib/active_support/notifications/instrumenter.rb:20:in `instrument'
  activesupport (3.2.13) lib/active_support/notifications.rb:123:in `instrument'
  actionpack (3.2.13) lib/action_controller/metal/instrumentation.rb:29:in `process_action'
  actionpack (3.2.13) lib/action_controller/metal/params_wrapper.rb:207:in `process_action'
  activerecord (3.2.13) lib/active_record/railties/controller_runtime.rb:18:in `process_action'
  actionpack (3.2.13) lib/abstract_controller/base.rb:121:in `process'
  actionpack (3.2.13) lib/abstract_controller/rendering.rb:45:in `process'
  actionpack (3.2.13) lib/action_controller/metal.rb:203:in `dispatch'
  actionpack (3.2.13) lib/action_controller/metal/rack_delegation.rb:14:in `dispatch'
  actionpack (3.2.13) lib/action_controller/metal.rb:246:in `block in action'
  actionpack (3.2.13) lib/action_dispatch/routing/route_set.rb:73:in `call'
  actionpack (3.2.13) lib/action_dispatch/routing/route_set.rb:73:in `dispatch'
  actionpack (3.2.13) lib/action_dispatch/routing/route_set.rb:36:in `call'
  journey (1.0.4) lib/journey/router.rb:68:in `block in call'
  journey (1.0.4) lib/journey/router.rb:56:in `each'
  journey (1.0.4) lib/journey/router.rb:56:in `call'
  actionpack (3.2.13) lib/action_dispatch/routing/route_set.rb:612:in `call'
  actionpack (3.2.13) lib/action_dispatch/middleware/best_standards_support.rb:17:in `call'
  rack (1.4.5) lib/rack/etag.rb:23:in `call'
  rack (1.4.5) lib/rack/conditionalget.rb:25:in `call'
  actionpack (3.2.13) lib/action_dispatch/middleware/head.rb:14:in `call'
  actionpack (3.2.13) lib/action_dispatch/middleware/params_parser.rb:21:in `call'
  actionpack (3.2.13) lib/action_dispatch/middleware/flash.rb:242:in `call'
  rack (1.4.5) lib/rack/session/abstract/id.rb:210:in `context'
  rack (1.4.5) lib/rack/session/abstract/id.rb:205:in `call'
  actionpack (3.2.13) lib/action_dispatch/middleware/cookies.rb:341:in `call'
  activerecord (3.2.13) lib/active_record/query_cache.rb:64:in `call'
  activerecord (3.2.13) lib/active_record/connection_adapters/abstract/connection_pool.rb:479:in `call'
  actionpack (3.2.13) lib/action_dispatch/middleware/callbacks.rb:28:in `block in call'
  activesupport (3.2.13) lib/active_support/callbacks.rb:405:in `_run__760075211082246136__call__1288395317396615990__callbacks'
  activesupport (3.2.13) lib/active_support/callbacks.rb:405:in `__run_callback'
  activesupport (3.2.13) lib/active_support/callbacks.rb:385:in `_run_call_callbacks'
  activesupport (3.2.13) lib/active_support/callbacks.rb:81:in `run_callbacks'
  actionpack (3.2.13) lib/action_dispatch/middleware/callbacks.rb:27:in `call'
  actionpack (3.2.13) lib/action_dispatch/middleware/reloader.rb:65:in `call'
  actionpack (3.2.13) lib/action_dispatch/middleware/remote_ip.rb:31:in `call'
  actionpack (3.2.13) lib/action_dispatch/middleware/debug_exceptions.rb:16:in `call'
  actionpack (3.2.13) lib/action_dispatch/middleware/show_exceptions.rb:56:in `call'
  railties (3.2.13) lib/rails/rack/logger.rb:32:in `call_app'
  railties (3.2.13) lib/rails/rack/logger.rb:16:in `block in call'
  activesupport (3.2.13) lib/active_support/tagged_logging.rb:22:in `tagged'
  railties (3.2.13) lib/rails/rack/logger.rb:16:in `call'
  actionpack (3.2.13) lib/action_dispatch/middleware/request_id.rb:22:in `call'
  rack (1.4.5) lib/rack/methodoverride.rb:21:in `call'
  rack (1.4.5) lib/rack/runtime.rb:17:in `call'
  activesupport (3.2.13) lib/active_support/cache/strategy/local_cache.rb:72:in `call'
  rack (1.4.5) lib/rack/lock.rb:15:in `call'
  actionpack (3.2.13) lib/action_dispatch/middleware/static.rb:63:in `call'
  railties (3.2.13) lib/rails/engine.rb:479:in `call'
  railties (3.2.13) lib/rails/application.rb:223:in `call'
  rack (1.4.5) lib/rack/content_length.rb:14:in `call'
  railties (3.2.13) lib/rails/rack/log_tailer.rb:17:in `call'
  rack (1.4.5) lib/rack/handler/webrick.rb:59:in `service'
  /home/ani/.rvm/rubies/ruby-1.9.3-p194/lib/ruby/1.9.1/webrick/httpserver.rb:138:in `service'
  /home/ani/.rvm/rubies/ruby-1.9.3-p194/lib/ruby/1.9.1/webrick/httpserver.rb:94:in `run'
  /home/ani/.rvm/rubies/ruby-1.9.3-p194/lib/ruby/1.9.1/webrick/server.rb:191:in `block in start_thread'


  Rendered /home/ani/.rvm/gems/ruby-1.9.3-p194/gems/actionpack-3.2.13/lib/action_dispatch/middleware/templates/rescues/missing_template.erb within rescues/layout (4.0ms)
Connecting to database specified by database.yml


Started GET "/" for 127.0.0.1 at 2013-09-20 09:45:51 +0530
Processing by HomeController#index as HTML
  Rendered home/index.html.haml within layouts/application (8.6ms)
Compiled application.css  (1ms)  (pid 12673)
Compiled jquery.js  (3ms)  (pid 12673)
Compiled jquery_ujs.js  (0ms)  (pid 12673)
Compiled application.js  (78ms)  (pid 12673)
Completed 200 OK in 643ms (Views: 642.6ms | ActiveRecord: 0.0ms)


Started GET "/assets/application.css?body=1" for 127.0.0.1 at 2013-09-20 09:45:52 +0530
Served asset /application.css - 200 OK (4ms)


Started GET "/assets/jquery.js?body=1" for 127.0.0.1 at 2013-09-20 09:45:52 +0530
Served asset /jquery.js - 200 OK (4ms)


Started GET "/assets/jquery_ujs.js?body=1" for 127.0.0.1 at 2013-09-20 09:45:52 +0530
Served asset /jquery_ujs.js - 200 OK (3ms)


Started GET "/assets/application.js?body=1" for 127.0.0.1 at 2013-09-20 09:45:52 +0530
Served asset /application.js - 200 OK (7ms)


Started POST "/upload" for 127.0.0.1 at 2013-09-20 09:46:12 +0530
Processing by HomeController#upload as HTML
  Parameters: {"utf8"=>"✓", "authenticity_token"=>"jDw87Ped/CV4uCKGh1bWQqF2ho2/mEZMlcngcdeoeek=", "image"=>#<ActionDispatch::Http::UploadedFile:0x00000002105bd8 @original_filename="arrow.JPG", @content_type="image/jpeg", @headers="Content-Disposition: form-data; name=\"image\"; filename=\"arrow.JPG\"\r\nContent-Type: image/jpeg\r\n", @tempfile=#<File:/tmp/RackMultipart20130920-12673-upfczt>>, "commit"=>"Upload"}
Completed 500 Internal Server Error in 3ms

Errno::ENOENT (No such file or directory - (/tmp/RackMultipart20130920-12673-upfczt, /home/ani/.elance/YinHuang/tmp/ImgUploader/public/images/arrow.JPG)):
  app/controllers/home_controller.rb:9:in `upload'


  Rendered /home/ani/.rvm/gems/ruby-1.9.3-p194/gems/actionpack-3.2.13/lib/action_dispatch/middleware/templates/rescues/_trace.erb (2.8ms)
  Rendered /home/ani/.rvm/gems/ruby-1.9.3-p194/gems/actionpack-3.2.13/lib/action_dispatch/middleware/templates/rescues/_request_and_response.erb (2.5ms)
  Rendered /home/ani/.rvm/gems/ruby-1.9.3-p194/gems/actionpack-3.2.13/lib/action_dispatch/middleware/templates/rescues/diagnostics.erb within rescues/layout (62.4ms)


Started GET "/" for 127.0.0.1 at 2013-09-20 09:48:00 +0530
Processing by HomeController#index as HTML
  Rendered home/index.html.haml within layouts/application (6.2ms)
Completed 200 OK in 16ms (Views: 15.3ms | ActiveRecord: 0.0ms)


Started GET "/assets/application.css?body=1" for 127.0.0.1 at 2013-09-20 09:48:00 +0530
Served asset /application.css - 200 OK (0ms)


Started GET "/assets/jquery.js?body=1" for 127.0.0.1 at 2013-09-20 09:48:00 +0530
Served asset /jquery.js - 200 OK (1ms)


Started GET "/assets/jquery_ujs.js?body=1" for 127.0.0.1 at 2013-09-20 09:48:00 +0530
Served asset /jquery_ujs.js - 200 OK (0ms)


Started GET "/assets/application.js?body=1" for 127.0.0.1 at 2013-09-20 09:48:00 +0530
Served asset /application.js - 200 OK (1ms)


Started POST "/upload" for 127.0.0.1 at 2013-09-20 09:48:31 +0530
Processing by HomeController#upload as HTML
  Parameters: {"utf8"=>"✓", "authenticity_token"=>"47CpBaNTa8Ortt8UBZ+Vck4OwEVQZ5C5JzrM7qR9hGY=", "image"=>#<ActionDispatch::Http::UploadedFile:0x007f2558014d78 @original_filename="image001.png", @content_type="image/png", @headers="Content-Disposition: form-data; name=\"image\"; filename=\"image001.png\"\r\nContent-Type: image/png\r\n", @tempfile=#<File:/tmp/RackMultipart20130920-12673-vpl6yx>>, "commit"=>"Upload"}
Completed 500 Internal Server Error in 1ms

Errno::ENOENT (No such file or directory - (/tmp/RackMultipart20130920-12673-vpl6yx, /home/ani/.elance/YinHuang/tmp/ImgUploader/public/images/image001.png)):
  app/controllers/home_controller.rb:9:in `upload'


  Rendered /home/ani/.rvm/gems/ruby-1.9.3-p194/gems/actionpack-3.2.13/lib/action_dispatch/middleware/templates/rescues/_trace.erb (3.2ms)
  Rendered /home/ani/.rvm/gems/ruby-1.9.3-p194/gems/actionpack-3.2.13/lib/action_dispatch/middleware/templates/rescues/_request_and_response.erb (2.5ms)
  Rendered /home/ani/.rvm/gems/ruby-1.9.3-p194/gems/actionpack-3.2.13/lib/action_dispatch/middleware/templates/rescues/diagnostics.erb within rescues/layout (18.3ms)


Started POST "/upload" for 127.0.0.1 at 2013-09-20 09:49:29 +0530
Processing by HomeController#upload as HTML
  Parameters: {"utf8"=>"✓", "authenticity_token"=>"47CpBaNTa8Ortt8UBZ+Vck4OwEVQZ5C5JzrM7qR9hGY=", "image"=>#<ActionDispatch::Http::UploadedFile:0x000000022126c0 @original_filename="image001.png", @content_type="image/png", @headers="Content-Disposition: form-data; name=\"image\"; filename=\"image001.png\"\r\nContent-Type: image/png\r\n", @tempfile=#<File:/tmp/RackMultipart20130920-12673-tk92nl>>, "commit"=>"Upload"}
Completed 500 Internal Server Error in 1ms

Errno::ENOENT (No such file or directory - (/tmp/RackMultipart20130920-12673-tk92nl, /home/ani/.elance/YinHuang/tmp/ImgUploader/public/images/image001.png)):
  app/controllers/home_controller.rb:9:in `upload'


  Rendered /home/ani/.rvm/gems/ruby-1.9.3-p194/gems/actionpack-3.2.13/lib/action_dispatch/middleware/templates/rescues/_trace.erb (2.4ms)
  Rendered /home/ani/.rvm/gems/ruby-1.9.3-p194/gems/actionpack-3.2.13/lib/action_dispatch/middleware/templates/rescues/_request_and_response.erb (1.9ms)
  Rendered /home/ani/.rvm/gems/ruby-1.9.3-p194/gems/actionpack-3.2.13/lib/action_dispatch/middleware/templates/rescues/diagnostics.erb within rescues/layout (15.5ms)


Started POST "/upload" for 127.0.0.1 at 2013-09-20 09:51:54 +0530
Processing by HomeController#upload as HTML
  Parameters: {"utf8"=>"✓", "authenticity_token"=>"47CpBaNTa8Ortt8UBZ+Vck4OwEVQZ5C5JzrM7qR9hGY=", "image"=>#<ActionDispatch::Http::UploadedFile:0x00000001cf58b8 @original_filename="image001.png", @content_type="image/png", @headers="Content-Disposition: form-data; name=\"image\"; filename=\"image001.png\"\r\nContent-Type: image/png\r\n", @tempfile=#<File:/tmp/RackMultipart20130920-12673-8jqbcj>>, "commit"=>"Upload"}
Completed 500 Internal Server Error in 1ms

Errno::ENOENT (No such file or directory - (/tmp/RackMultipart20130920-12673-8jqbcj, /home/ani/.elance/YinHuang/tmp/ImgUploader/public/images/image001.png)):
  app/controllers/home_controller.rb:9:in `upload'


  Rendered /home/ani/.rvm/gems/ruby-1.9.3-p194/gems/actionpack-3.2.13/lib/action_dispatch/middleware/templates/rescues/_trace.erb (2.5ms)
  Rendered /home/ani/.rvm/gems/ruby-1.9.3-p194/gems/actionpack-3.2.13/lib/action_dispatch/middleware/templates/rescues/_request_and_response.erb (1.9ms)
  Rendered /home/ani/.rvm/gems/ruby-1.9.3-p194/gems/actionpack-3.2.13/lib/action_dispatch/middleware/templates/rescues/diagnostics.erb within rescues/layout (15.4ms)


Started POST "/upload" for 127.0.0.1 at 2013-09-20 09:51:59 +0530
Processing by HomeController#upload as HTML
  Parameters: {"utf8"=>"✓", "authenticity_token"=>"47CpBaNTa8Ortt8UBZ+Vck4OwEVQZ5C5JzrM7qR9hGY=", "image"=>#<ActionDispatch::Http::UploadedFile:0x000000026dd970 @original_filename="image001.png", @content_type="image/png", @headers="Content-Disposition: form-data; name=\"image\"; filename=\"image001.png\"\r\nContent-Type: image/png\r\n", @tempfile=#<File:/tmp/RackMultipart20130920-12673-1bnpw8u>>, "commit"=>"Upload"}
Completed 500 Internal Server Error in 1ms

Errno::ENOENT (No such file or directory - (/tmp/RackMultipart20130920-12673-1bnpw8u, /home/ani/.elance/YinHuang/tmp/ImgUploader/public/images/image001.png)):
  app/controllers/home_controller.rb:9:in `upload'


  Rendered /home/ani/.rvm/gems/ruby-1.9.3-p194/gems/actionpack-3.2.13/lib/action_dispatch/middleware/templates/rescues/_trace.erb (2.3ms)
  Rendered /home/ani/.rvm/gems/ruby-1.9.3-p194/gems/actionpack-3.2.13/lib/action_dispatch/middleware/templates/rescues/_request_and_response.erb (1.9ms)
  Rendered /home/ani/.rvm/gems/ruby-1.9.3-p194/gems/actionpack-3.2.13/lib/action_dispatch/middleware/templates/rescues/diagnostics.erb within rescues/layout (15.4ms)


Started POST "/upload" for 127.0.0.1 at 2013-09-20 09:52:41 +0530
Processing by HomeController#upload as HTML
  Parameters: {"utf8"=>"✓", "authenticity_token"=>"47CpBaNTa8Ortt8UBZ+Vck4OwEVQZ5C5JzrM7qR9hGY=", "image"=>#<ActionDispatch::Http::UploadedFile:0x000000022107d0 @original_filename="image001.png", @content_type="image/png", @headers="Content-Disposition: form-data; name=\"image\"; filename=\"image001.png\"\r\nContent-Type: image/png\r\n", @tempfile=#<File:/tmp/RackMultipart20130920-12673-7ff72j>>, "commit"=>"Upload"}
  Rendered home/upload.html.haml within layouts/application (277.3ms)
Completed 200 OK in 1157ms (Views: 309.4ms | ActiveRecord: 0.0ms)


Started GET "/assets/application.css?body=1" for 127.0.0.1 at 2013-09-20 09:52:42 +0530
Served asset /application.css - 304 Not Modified (0ms)


Started GET "/assets/application.js?body=1" for 127.0.0.1 at 2013-09-20 09:52:42 +0530
Served asset /application.js - 304 Not Modified (3ms)


Started GET "/assets/jquery_ujs.js?body=1" for 127.0.0.1 at 2013-09-20 09:52:42 +0530
Served asset /jquery_ujs.js - 304 Not Modified (0ms)


Started GET "/assets/jquery.js?body=1" for 127.0.0.1 at 2013-09-20 09:52:42 +0530
Served asset /jquery.js - 304 Not Modified (0ms)


Started GET "/assets/public/images/image001.png" for 127.0.0.1 at 2013-09-20 09:52:42 +0530
Served asset /public/images/image001.png - 404 Not Found (30ms)

ActionController::RoutingError (No route matches [GET] "/assets/public/images/image001.png"):
  actionpack (3.2.13) lib/action_dispatch/middleware/debug_exceptions.rb:21:in `call'
  actionpack (3.2.13) lib/action_dispatch/middleware/show_exceptions.rb:56:in `call'
  railties (3.2.13) lib/rails/rack/logger.rb:32:in `call_app'
  railties (3.2.13) lib/rails/rack/logger.rb:16:in `block in call'
  activesupport (3.2.13) lib/active_support/tagged_logging.rb:22:in `tagged'
  railties (3.2.13) lib/rails/rack/logger.rb:16:in `call'
  actionpack (3.2.13) lib/action_dispatch/middleware/request_id.rb:22:in `call'
  rack (1.4.5) lib/rack/methodoverride.rb:21:in `call'
  rack (1.4.5) lib/rack/runtime.rb:17:in `call'
  activesupport (3.2.13) lib/active_support/cache/strategy/local_cache.rb:72:in `call'
  rack (1.4.5) lib/rack/lock.rb:15:in `call'
  actionpack (3.2.13) lib/action_dispatch/middleware/static.rb:63:in `call'
  railties (3.2.13) lib/rails/engine.rb:479:in `call'
  railties (3.2.13) lib/rails/application.rb:223:in `call'
  rack (1.4.5) lib/rack/content_length.rb:14:in `call'
  railties (3.2.13) lib/rails/rack/log_tailer.rb:17:in `call'
  rack (1.4.5) lib/rack/handler/webrick.rb:59:in `service'
  /home/ani/.rvm/rubies/ruby-1.9.3-p194/lib/ruby/1.9.1/webrick/httpserver.rb:138:in `service'
  /home/ani/.rvm/rubies/ruby-1.9.3-p194/lib/ruby/1.9.1/webrick/httpserver.rb:94:in `run'
  /home/ani/.rvm/rubies/ruby-1.9.3-p194/lib/ruby/1.9.1/webrick/server.rb:191:in `block in start_thread'


  Rendered /home/ani/.rvm/gems/ruby-1.9.3-p194/gems/actionpack-3.2.13/lib/action_dispatch/middleware/templates/rescues/routing_error.erb within rescues/layout (1.2ms)


Started POST "/upload" for 127.0.0.1 at 2013-09-20 09:53:01 +0530
Processing by HomeController#upload as HTML
  Parameters: {"utf8"=>"✓", "authenticity_token"=>"47CpBaNTa8Ortt8UBZ+Vck4OwEVQZ5C5JzrM7qR9hGY=", "image"=>#<ActionDispatch::Http::UploadedFile:0x00000001ad5b28 @original_filename="image001.png", @content_type="image/png", @headers="Content-Disposition: form-data; name=\"image\"; filename=\"image001.png\"\r\nContent-Type: image/png\r\n", @tempfile=#<File:/tmp/RackMultipart20130920-12673-16gijy6>>, "commit"=>"Upload"}
  Rendered home/upload.html.haml within layouts/application (3.1ms)
Completed 200 OK in 156ms (Views: 11.5ms | ActiveRecord: 0.0ms)


Started GET "/assets/application.css?body=1" for 127.0.0.1 at 2013-09-20 09:53:01 +0530
Served asset /application.css - 304 Not Modified (0ms)


Started GET "/assets/jquery.js?body=1" for 127.0.0.1 at 2013-09-20 09:53:01 +0530
Served asset /jquery.js - 304 Not Modified (0ms)


Started GET "/assets/jquery_ujs.js?body=1" for 127.0.0.1 at 2013-09-20 09:53:01 +0530
Served asset /jquery_ujs.js - 304 Not Modified (0ms)


Started GET "/assets/application.js?body=1" for 127.0.0.1 at 2013-09-20 09:53:01 +0530
Served asset /application.js - 304 Not Modified (1ms)


Started GET "/assets/public/images/image001.png" for 127.0.0.1 at 2013-09-20 09:53:01 +0530
Served asset /public/images/image001.png - 404 Not Found (8ms)

ActionController::RoutingError (No route matches [GET] "/assets/public/images/image001.png"):
  actionpack (3.2.13) lib/action_dispatch/middleware/debug_exceptions.rb:21:in `call'
  actionpack (3.2.13) lib/action_dispatch/middleware/show_exceptions.rb:56:in `call'
  railties (3.2.13) lib/rails/rack/logger.rb:32:in `call_app'
  railties (3.2.13) lib/rails/rack/logger.rb:16:in `block in call'
  activesupport (3.2.13) lib/active_support/tagged_logging.rb:22:in `tagged'
  railties (3.2.13) lib/rails/rack/logger.rb:16:in `call'
  actionpack (3.2.13) lib/action_dispatch/middleware/request_id.rb:22:in `call'
  rack (1.4.5) lib/rack/methodoverride.rb:21:in `call'
  rack (1.4.5) lib/rack/runtime.rb:17:in `call'
  activesupport (3.2.13) lib/active_support/cache/strategy/local_cache.rb:72:in `call'
  rack (1.4.5) lib/rack/lock.rb:15:in `call'
  actionpack (3.2.13) lib/action_dispatch/middleware/static.rb:63:in `call'
  railties (3.2.13) lib/rails/engine.rb:479:in `call'
  railties (3.2.13) lib/rails/application.rb:223:in `call'
  rack (1.4.5) lib/rack/content_length.rb:14:in `call'
  railties (3.2.13) lib/rails/rack/log_tailer.rb:17:in `call'
  rack (1.4.5) lib/rack/handler/webrick.rb:59:in `service'
  /home/ani/.rvm/rubies/ruby-1.9.3-p194/lib/ruby/1.9.1/webrick/httpserver.rb:138:in `service'
  /home/ani/.rvm/rubies/ruby-1.9.3-p194/lib/ruby/1.9.1/webrick/httpserver.rb:94:in `run'
  /home/ani/.rvm/rubies/ruby-1.9.3-p194/lib/ruby/1.9.1/webrick/server.rb:191:in `block in start_thread'


  Rendered /home/ani/.rvm/gems/ruby-1.9.3-p194/gems/actionpack-3.2.13/lib/action_dispatch/middleware/templates/rescues/routing_error.erb within rescues/layout (1.2ms)


Started POST "/upload" for 127.0.0.1 at 2013-09-20 09:53:19 +0530
Processing by HomeController#upload as HTML
  Parameters: {"utf8"=>"✓", "authenticity_token"=>"47CpBaNTa8Ortt8UBZ+Vck4OwEVQZ5C5JzrM7qR9hGY=", "image"=>#<ActionDispatch::Http::UploadedFile:0x00000001b2bb68 @original_filename="image001.png", @content_type="image/png", @headers="Content-Disposition: form-data; name=\"image\"; filename=\"image001.png\"\r\nContent-Type: image/png\r\n", @tempfile=#<File:/tmp/RackMultipart20130920-12673-ll611s>>, "commit"=>"Upload"}
  Rendered home/upload.html.haml within layouts/application (2.9ms)
Completed 200 OK in 173ms (Views: 9.6ms | ActiveRecord: 0.0ms)


Started GET "/assets/application.css?body=1" for 127.0.0.1 at 2013-09-20 09:53:19 +0530
Served asset /application.css - 304 Not Modified (0ms)


Started GET "/assets/jquery.js?body=1" for 127.0.0.1 at 2013-09-20 09:53:19 +0530
Served asset /jquery.js - 304 Not Modified (1ms)


Started GET "/assets/application.js?body=1" for 127.0.0.1 at 2013-09-20 09:53:19 +0530
Served asset /application.js - 304 Not Modified (1ms)


Started GET "/assets/jquery_ujs.js?body=1" for 127.0.0.1 at 2013-09-20 09:53:19 +0530
Served asset /jquery_ujs.js - 304 Not Modified (0ms)


Started GET "/assets/public/images/image001.png" for 127.0.0.1 at 2013-09-20 09:53:19 +0530
Served asset /public/images/image001.png - 404 Not Found (4ms)

ActionController::RoutingError (No route matches [GET] "/assets/public/images/image001.png"):
  actionpack (3.2.13) lib/action_dispatch/middleware/debug_exceptions.rb:21:in `call'
  actionpack (3.2.13) lib/action_dispatch/middleware/show_exceptions.rb:56:in `call'
  railties (3.2.13) lib/rails/rack/logger.rb:32:in `call_app'
  railties (3.2.13) lib/rails/rack/logger.rb:16:in `block in call'
  activesupport (3.2.13) lib/active_support/tagged_logging.rb:22:in `tagged'
  railties (3.2.13) lib/rails/rack/logger.rb:16:in `call'
  actionpack (3.2.13) lib/action_dispatch/middleware/request_id.rb:22:in `call'
  rack (1.4.5) lib/rack/methodoverride.rb:21:in `call'
  rack (1.4.5) lib/rack/runtime.rb:17:in `call'
  activesupport (3.2.13) lib/active_support/cache/strategy/local_cache.rb:72:in `call'
  rack (1.4.5) lib/rack/lock.rb:15:in `call'
  actionpack (3.2.13) lib/action_dispatch/middleware/static.rb:63:in `call'
  railties (3.2.13) lib/rails/engine.rb:479:in `call'
  railties (3.2.13) lib/rails/application.rb:223:in `call'
  rack (1.4.5) lib/rack/content_length.rb:14:in `call'
  railties (3.2.13) lib/rails/rack/log_tailer.rb:17:in `call'
  rack (1.4.5) lib/rack/handler/webrick.rb:59:in `service'
  /home/ani/.rvm/rubies/ruby-1.9.3-p194/lib/ruby/1.9.1/webrick/httpserver.rb:138:in `service'
  /home/ani/.rvm/rubies/ruby-1.9.3-p194/lib/ruby/1.9.1/webrick/httpserver.rb:94:in `run'
  /home/ani/.rvm/rubies/ruby-1.9.3-p194/lib/ruby/1.9.1/webrick/server.rb:191:in `block in start_thread'


  Rendered /home/ani/.rvm/gems/ruby-1.9.3-p194/gems/actionpack-3.2.13/lib/action_dispatch/middleware/templates/rescues/routing_error.erb within rescues/layout (1.3ms)


Started POST "/upload" for 127.0.0.1 at 2013-09-20 09:53:27 +0530
Processing by HomeController#upload as HTML
  Parameters: {"utf8"=>"✓", "authenticity_token"=>"47CpBaNTa8Ortt8UBZ+Vck4OwEVQZ5C5JzrM7qR9hGY=", "image"=>#<ActionDispatch::Http::UploadedFile:0x000000020652a0 @original_filename="image001.png", @content_type="image/png", @headers="Content-Disposition: form-data; name=\"image\"; filename=\"image001.png\"\r\nContent-Type: image/png\r\n", @tempfile=#<File:/tmp/RackMultipart20130920-12673-1ojuk66>>, "commit"=>"Upload"}
  Rendered home/upload.html.haml within layouts/application (2.8ms)
Completed 200 OK in 195ms (Views: 9.2ms | ActiveRecord: 0.0ms)


Started GET "/assets/application.css?body=1" for 127.0.0.1 at 2013-09-20 09:53:27 +0530
Served asset /application.css - 200 OK (0ms)


Started GET "/assets/jquery.js?body=1" for 127.0.0.1 at 2013-09-20 09:53:27 +0530
Served asset /jquery.js - 200 OK (10ms)


Started GET "/assets/jquery_ujs.js?body=1" for 127.0.0.1 at 2013-09-20 09:53:27 +0530
Served asset /jquery_ujs.js - 200 OK (0ms)


Started GET "/assets/application.js?body=1" for 127.0.0.1 at 2013-09-20 09:53:27 +0530
Served asset /application.js - 200 OK (1ms)


Started GET "/assets/public/images/image001.png" for 127.0.0.1 at 2013-09-20 09:53:27 +0530
Served asset /public/images/image001.png - 404 Not Found (7ms)

ActionController::RoutingError (No route matches [GET] "/assets/public/images/image001.png"):
  actionpack (3.2.13) lib/action_dispatch/middleware/debug_exceptions.rb:21:in `call'
  actionpack (3.2.13) lib/action_dispatch/middleware/show_exceptions.rb:56:in `call'
  railties (3.2.13) lib/rails/rack/logger.rb:32:in `call_app'
  railties (3.2.13) lib/rails/rack/logger.rb:16:in `block in call'
  activesupport (3.2.13) lib/active_support/tagged_logging.rb:22:in `tagged'
  railties (3.2.13) lib/rails/rack/logger.rb:16:in `call'
  actionpack (3.2.13) lib/action_dispatch/middleware/request_id.rb:22:in `call'
  rack (1.4.5) lib/rack/methodoverride.rb:21:in `call'
  rack (1.4.5) lib/rack/runtime.rb:17:in `call'
  activesupport (3.2.13) lib/active_support/cache/strategy/local_cache.rb:72:in `call'
  rack (1.4.5) lib/rack/lock.rb:15:in `call'
  actionpack (3.2.13) lib/action_dispatch/middleware/static.rb:63:in `call'
  railties (3.2.13) lib/rails/engine.rb:479:in `call'
  railties (3.2.13) lib/rails/application.rb:223:in `call'
  rack (1.4.5) lib/rack/content_length.rb:14:in `call'
  railties (3.2.13) lib/rails/rack/log_tailer.rb:17:in `call'
  rack (1.4.5) lib/rack/handler/webrick.rb:59:in `service'
  /home/ani/.rvm/rubies/ruby-1.9.3-p194/lib/ruby/1.9.1/webrick/httpserver.rb:138:in `service'
  /home/ani/.rvm/rubies/ruby-1.9.3-p194/lib/ruby/1.9.1/webrick/httpserver.rb:94:in `run'
  /home/ani/.rvm/rubies/ruby-1.9.3-p194/lib/ruby/1.9.1/webrick/server.rb:191:in `block in start_thread'


  Rendered /home/ani/.rvm/gems/ruby-1.9.3-p194/gems/actionpack-3.2.13/lib/action_dispatch/middleware/templates/rescues/routing_error.erb within rescues/layout (1.3ms)


Started POST "/upload" for 127.0.0.1 at 2013-09-20 09:54:47 +0530
Processing by HomeController#upload as HTML
  Parameters: {"utf8"=>"✓", "authenticity_token"=>"47CpBaNTa8Ortt8UBZ+Vck4OwEVQZ5C5JzrM7qR9hGY=", "image"=>#<ActionDispatch::Http::UploadedFile:0x007f25588887c0 @original_filename="image001.png", @content_type="image/png", @headers="Content-Disposition: form-data; name=\"image\"; filename=\"image001.png\"\r\nContent-Type: image/png\r\n", @tempfile=#<File:/tmp/RackMultipart20130920-12673-1hw0mvb>>, "commit"=>"Upload"}
  Rendered home/upload.html.haml within layouts/application (2.7ms)
Completed 200 OK in 202ms (Views: 56.0ms | ActiveRecord: 0.0ms)


Started GET "/assets/application.css?body=1" for 127.0.0.1 at 2013-09-20 09:54:47 +0530
Served asset /application.css - 304 Not Modified (0ms)


Started GET "/assets/jquery.js?body=1" for 127.0.0.1 at 2013-09-20 09:54:47 +0530
Served asset /jquery.js - 304 Not Modified (0ms)


Started GET "/assets/jquery_ujs.js?body=1" for 127.0.0.1 at 2013-09-20 09:54:47 +0530
Served asset /jquery_ujs.js - 304 Not Modified (0ms)


Started GET "/assets/application.js?body=1" for 127.0.0.1 at 2013-09-20 09:54:47 +0530
Served asset /application.js - 304 Not Modified (1ms)


Started GET "/assets/public/images/image001.png" for 127.0.0.1 at 2013-09-20 09:54:47 +0530
Served asset /public/images/image001.png - 404 Not Found (8ms)

ActionController::RoutingError (No route matches [GET] "/assets/public/images/image001.png"):
  actionpack (3.2.13) lib/action_dispatch/middleware/debug_exceptions.rb:21:in `call'
  actionpack (3.2.13) lib/action_dispatch/middleware/show_exceptions.rb:56:in `call'
  railties (3.2.13) lib/rails/rack/logger.rb:32:in `call_app'
  railties (3.2.13) lib/rails/rack/logger.rb:16:in `block in call'
  activesupport (3.2.13) lib/active_support/tagged_logging.rb:22:in `tagged'
  railties (3.2.13) lib/rails/rack/logger.rb:16:in `call'
  actionpack (3.2.13) lib/action_dispatch/middleware/request_id.rb:22:in `call'
  rack (1.4.5) lib/rack/methodoverride.rb:21:in `call'
  rack (1.4.5) lib/rack/runtime.rb:17:in `call'
  activesupport (3.2.13) lib/active_support/cache/strategy/local_cache.rb:72:in `call'
  rack (1.4.5) lib/rack/lock.rb:15:in `call'
  actionpack (3.2.13) lib/action_dispatch/middleware/static.rb:63:in `call'
  railties (3.2.13) lib/rails/engine.rb:479:in `call'
  railties (3.2.13) lib/rails/application.rb:223:in `call'
  rack (1.4.5) lib/rack/content_length.rb:14:in `call'
  railties (3.2.13) lib/rails/rack/log_tailer.rb:17:in `call'
  rack (1.4.5) lib/rack/handler/webrick.rb:59:in `service'
  /home/ani/.rvm/rubies/ruby-1.9.3-p194/lib/ruby/1.9.1/webrick/httpserver.rb:138:in `service'
  /home/ani/.rvm/rubies/ruby-1.9.3-p194/lib/ruby/1.9.1/webrick/httpserver.rb:94:in `run'
  /home/ani/.rvm/rubies/ruby-1.9.3-p194/lib/ruby/1.9.1/webrick/server.rb:191:in `block in start_thread'


  Rendered /home/ani/.rvm/gems/ruby-1.9.3-p194/gems/actionpack-3.2.13/lib/action_dispatch/middleware/templates/rescues/routing_error.erb within rescues/layout (1.2ms)


Started POST "/upload" for 127.0.0.1 at 2013-09-20 09:54:49 +0530
Processing by HomeController#upload as HTML
  Parameters: {"utf8"=>"✓", "authenticity_token"=>"47CpBaNTa8Ortt8UBZ+Vck4OwEVQZ5C5JzrM7qR9hGY=", "image"=>#<ActionDispatch::Http::UploadedFile:0x007f2568242388 @original_filename="image001.png", @content_type="image/png", @headers="Content-Disposition: form-data; name=\"image\"; filename=\"image001.png\"\r\nContent-Type: image/png\r\n", @tempfile=#<File:/tmp/RackMultipart20130920-12673-1jozqmd>>, "commit"=>"Upload"}
  Rendered home/upload.html.haml within layouts/application (3.2ms)
Completed 200 OK in 161ms (Views: 10.5ms | ActiveRecord: 0.0ms)


Started GET "/assets/application.css?body=1" for 127.0.0.1 at 2013-09-20 09:54:49 +0530
Served asset /application.css - 200 OK (0ms)


Started GET "/assets/application.js?body=1" for 127.0.0.1 at 2013-09-20 09:54:49 +0530
Served asset /application.js - 200 OK (1ms)


Started GET "/assets/jquery_ujs.js?body=1" for 127.0.0.1 at 2013-09-20 09:54:49 +0530
Served asset /jquery_ujs.js - 200 OK (0ms)


Started GET "/assets/jquery.js?body=1" for 127.0.0.1 at 2013-09-20 09:54:49 +0530
Served asset /jquery.js - 200 OK (1ms)


Started GET "/assets/public/images/image001.png" for 127.0.0.1 at 2013-09-20 09:54:49 +0530
Served asset /public/images/image001.png - 404 Not Found (7ms)

ActionController::RoutingError (No route matches [GET] "/assets/public/images/image001.png"):
  actionpack (3.2.13) lib/action_dispatch/middleware/debug_exceptions.rb:21:in `call'
  actionpack (3.2.13) lib/action_dispatch/middleware/show_exceptions.rb:56:in `call'
  railties (3.2.13) lib/rails/rack/logger.rb:32:in `call_app'
  railties (3.2.13) lib/rails/rack/logger.rb:16:in `block in call'
  activesupport (3.2.13) lib/active_support/tagged_logging.rb:22:in `tagged'
  railties (3.2.13) lib/rails/rack/logger.rb:16:in `call'
  actionpack (3.2.13) lib/action_dispatch/middleware/request_id.rb:22:in `call'
  rack (1.4.5) lib/rack/methodoverride.rb:21:in `call'
  rack (1.4.5) lib/rack/runtime.rb:17:in `call'
  activesupport (3.2.13) lib/active_support/cache/strategy/local_cache.rb:72:in `call'
  rack (1.4.5) lib/rack/lock.rb:15:in `call'
  actionpack (3.2.13) lib/action_dispatch/middleware/static.rb:63:in `call'
  railties (3.2.13) lib/rails/engine.rb:479:in `call'
  railties (3.2.13) lib/rails/application.rb:223:in `call'
  rack (1.4.5) lib/rack/content_length.rb:14:in `call'
  railties (3.2.13) lib/rails/rack/log_tailer.rb:17:in `call'
  rack (1.4.5) lib/rack/handler/webrick.rb:59:in `service'
  /home/ani/.rvm/rubies/ruby-1.9.3-p194/lib/ruby/1.9.1/webrick/httpserver.rb:138:in `service'
  /home/ani/.rvm/rubies/ruby-1.9.3-p194/lib/ruby/1.9.1/webrick/httpserver.rb:94:in `run'
  /home/ani/.rvm/rubies/ruby-1.9.3-p194/lib/ruby/1.9.1/webrick/server.rb:191:in `block in start_thread'


  Rendered /home/ani/.rvm/gems/ruby-1.9.3-p194/gems/actionpack-3.2.13/lib/action_dispatch/middleware/templates/rescues/routing_error.erb within rescues/layout (2.6ms)


Started POST "/upload" for 127.0.0.1 at 2013-09-20 09:55:29 +0530
Processing by HomeController#upload as HTML
  Parameters: {"utf8"=>"✓", "authenticity_token"=>"47CpBaNTa8Ortt8UBZ+Vck4OwEVQZ5C5JzrM7qR9hGY=", "image"=>#<ActionDispatch::Http::UploadedFile:0x0000000211a628 @original_filename="image001.png", @content_type="image/png", @headers="Content-Disposition: form-data; name=\"image\"; filename=\"image001.png\"\r\nContent-Type: image/png\r\n", @tempfile=#<File:/tmp/RackMultipart20130920-12673-df9oeq>>, "commit"=>"Upload"}
  Rendered home/upload.html.haml within layouts/application (3.1ms)
Completed 200 OK in 158ms (Views: 10.3ms | ActiveRecord: 0.0ms)


Started GET "/assets/application.css?body=1" for 127.0.0.1 at 2013-09-20 09:55:29 +0530
Served asset /application.css - 200 OK (0ms)


Started GET "/assets/jquery.js?body=1" for 127.0.0.1 at 2013-09-20 09:55:29 +0530
Served asset /jquery.js - 200 OK (1ms)


Started GET "/assets/jquery_ujs.js?body=1" for 127.0.0.1 at 2013-09-20 09:55:29 +0530
Served asset /jquery_ujs.js - 200 OK (0ms)


Started GET "/assets/application.js?body=1" for 127.0.0.1 at 2013-09-20 09:55:29 +0530
Served asset /application.js - 200 OK (1ms)


Started GET "/assets/public/images/image001.png" for 127.0.0.1 at 2013-09-20 09:55:29 +0530
Served asset /public/images/image001.png - 404 Not Found (6ms)

ActionController::RoutingError (No route matches [GET] "/assets/public/images/image001.png"):
  actionpack (3.2.13) lib/action_dispatch/middleware/debug_exceptions.rb:21:in `call'
  actionpack (3.2.13) lib/action_dispatch/middleware/show_exceptions.rb:56:in `call'
  railties (3.2.13) lib/rails/rack/logger.rb:32:in `call_app'
  railties (3.2.13) lib/rails/rack/logger.rb:16:in `block in call'
  activesupport (3.2.13) lib/active_support/tagged_logging.rb:22:in `tagged'
  railties (3.2.13) lib/rails/rack/logger.rb:16:in `call'
  actionpack (3.2.13) lib/action_dispatch/middleware/request_id.rb:22:in `call'
  rack (1.4.5) lib/rack/methodoverride.rb:21:in `call'
  rack (1.4.5) lib/rack/runtime.rb:17:in `call'
  activesupport (3.2.13) lib/active_support/cache/strategy/local_cache.rb:72:in `call'
  rack (1.4.5) lib/rack/lock.rb:15:in `call'
  actionpack (3.2.13) lib/action_dispatch/middleware/static.rb:63:in `call'
  railties (3.2.13) lib/rails/engine.rb:479:in `call'
  railties (3.2.13) lib/rails/application.rb:223:in `call'
  rack (1.4.5) lib/rack/content_length.rb:14:in `call'
  railties (3.2.13) lib/rails/rack/log_tailer.rb:17:in `call'
  rack (1.4.5) lib/rack/handler/webrick.rb:59:in `service'
  /home/ani/.rvm/rubies/ruby-1.9.3-p194/lib/ruby/1.9.1/webrick/httpserver.rb:138:in `service'
  /home/ani/.rvm/rubies/ruby-1.9.3-p194/lib/ruby/1.9.1/webrick/httpserver.rb:94:in `run'
  /home/ani/.rvm/rubies/ruby-1.9.3-p194/lib/ruby/1.9.1/webrick/server.rb:191:in `block in start_thread'


  Rendered /home/ani/.rvm/gems/ruby-1.9.3-p194/gems/actionpack-3.2.13/lib/action_dispatch/middleware/templates/rescues/routing_error.erb within rescues/layout (1.2ms)


Started GET "/" for 127.0.0.1 at 2013-09-20 09:55:33 +0530
Processing by HomeController#index as HTML
  Rendered home/index.html.haml within layouts/application (1.4ms)
Completed 200 OK in 370ms (Views: 369.5ms | ActiveRecord: 0.0ms)


Started GET "/assets/application.css?body=1" for 127.0.0.1 at 2013-09-20 09:55:33 +0530
Served asset /application.css - 304 Not Modified (0ms)


Started GET "/assets/jquery.js?body=1" for 127.0.0.1 at 2013-09-20 09:55:33 +0530
Served asset /jquery.js - 304 Not Modified (1ms)


Started GET "/assets/jquery_ujs.js?body=1" for 127.0.0.1 at 2013-09-20 09:55:33 +0530
Served asset /jquery_ujs.js - 304 Not Modified (0ms)


Started GET "/assets/application.js?body=1" for 127.0.0.1 at 2013-09-20 09:55:33 +0530
Served asset /application.js - 304 Not Modified (1ms)


Started POST "/upload" for 127.0.0.1 at 2013-09-20 09:56:38 +0530
Processing by HomeController#upload as HTML
  Parameters: {"utf8"=>"✓", "authenticity_token"=>"47CpBaNTa8Ortt8UBZ+Vck4OwEVQZ5C5JzrM7qR9hGY=", "image"=>#<ActionDispatch::Http::UploadedFile:0x007f255886a0b8 @original_filename="image001.png", @content_type="image/png", @headers="Content-Disposition: form-data; name=\"image\"; filename=\"image001.png\"\r\nContent-Type: image/png\r\n", @tempfile=#<File:/tmp/RackMultipart20130920-12673-vke3h0>>, "commit"=>"Upload"}
  Rendered home/upload.html.haml within layouts/application (20.2ms)
Completed 200 OK in 1766ms (Views: 26.8ms | ActiveRecord: 0.0ms)


Started GET "/assets/application.css?body=1" for 127.0.0.1 at 2013-09-20 09:56:40 +0530
Served asset /application.css - 304 Not Modified (20ms)


Started GET "/assets/jquery.js?body=1" for 127.0.0.1 at 2013-09-20 09:56:40 +0530
Served asset /jquery.js - 304 Not Modified (89ms)


Started GET "/assets/jquery_ujs.js?body=1" for 127.0.0.1 at 2013-09-20 09:56:40 +0530
Served asset /jquery_ujs.js - 304 Not Modified (24ms)


Started GET "/assets/application.js?body=1" for 127.0.0.1 at 2013-09-20 09:56:40 +0530
Served asset /application.js - 304 Not Modified (36ms)


Started GET "/public/images/image001.png" for 127.0.0.1 at 2013-09-20 09:56:40 +0530

ActionController::RoutingError (No route matches [GET] "/public/images/image001.png"):
  actionpack (3.2.13) lib/action_dispatch/middleware/debug_exceptions.rb:21:in `call'
  actionpack (3.2.13) lib/action_dispatch/middleware/show_exceptions.rb:56:in `call'
  railties (3.2.13) lib/rails/rack/logger.rb:32:in `call_app'
  railties (3.2.13) lib/rails/rack/logger.rb:16:in `block in call'
  activesupport (3.2.13) lib/active_support/tagged_logging.rb:22:in `tagged'
  railties (3.2.13) lib/rails/rack/logger.rb:16:in `call'
  actionpack (3.2.13) lib/action_dispatch/middleware/request_id.rb:22:in `call'
  rack (1.4.5) lib/rack/methodoverride.rb:21:in `call'
  rack (1.4.5) lib/rack/runtime.rb:17:in `call'
  activesupport (3.2.13) lib/active_support/cache/strategy/local_cache.rb:72:in `call'
  rack (1.4.5) lib/rack/lock.rb:15:in `call'
  actionpack (3.2.13) lib/action_dispatch/middleware/static.rb:63:in `call'
  railties (3.2.13) lib/rails/engine.rb:479:in `call'
  railties (3.2.13) lib/rails/application.rb:223:in `call'
  rack (1.4.5) lib/rack/content_length.rb:14:in `call'
  railties (3.2.13) lib/rails/rack/log_tailer.rb:17:in `call'
  rack (1.4.5) lib/rack/handler/webrick.rb:59:in `service'
  /home/ani/.rvm/rubies/ruby-1.9.3-p194/lib/ruby/1.9.1/webrick/httpserver.rb:138:in `service'
  /home/ani/.rvm/rubies/ruby-1.9.3-p194/lib/ruby/1.9.1/webrick/httpserver.rb:94:in `run'
  /home/ani/.rvm/rubies/ruby-1.9.3-p194/lib/ruby/1.9.1/webrick/server.rb:191:in `block in start_thread'


  Rendered /home/ani/.rvm/gems/ruby-1.9.3-p194/gems/actionpack-3.2.13/lib/action_dispatch/middleware/templates/rescues/routing_error.erb within rescues/layout (1.3ms)


Started POST "/upload" for 127.0.0.1 at 2013-09-20 09:57:38 +0530
Processing by HomeController#upload as HTML
  Parameters: {"utf8"=>"✓", "authenticity_token"=>"47CpBaNTa8Ortt8UBZ+Vck4OwEVQZ5C5JzrM7qR9hGY=", "image"=>#<ActionDispatch::Http::UploadedFile:0x007f2568072a08 @original_filename="image001.png", @content_type="image/png", @headers="Content-Disposition: form-data; name=\"image\"; filename=\"image001.png\"\r\nContent-Type: image/png\r\n", @tempfile=#<File:/tmp/RackMultipart20130920-12673-15hyvpo>>, "commit"=>"Upload"}
  Rendered home/upload.html.haml within layouts/application (7.1ms)
Completed 200 OK in 154ms (Views: 14.4ms | ActiveRecord: 0.0ms)


Started GET "/assets/application.css?body=1" for 127.0.0.1 at 2013-09-20 09:57:39 +0530
Served asset /application.css - 304 Not Modified (0ms)


Started GET "/assets/jquery.js?body=1" for 127.0.0.1 at 2013-09-20 09:57:39 +0530
Served asset /jquery.js - 304 Not Modified (1ms)


Started GET "/assets/application.js?body=1" for 127.0.0.1 at 2013-09-20 09:57:39 +0530
Served asset /application.js - 304 Not Modified (7ms)


Started GET "/assets/jquery_ujs.js?body=1" for 127.0.0.1 at 2013-09-20 09:57:39 +0530
Served asset /jquery_ujs.js - 304 Not Modified (0ms)


Started GET "/assets/image001.png" for 127.0.0.1 at 2013-09-20 09:57:40 +0530
Served asset /image001.png - 404 Not Found (51ms)

ActionController::RoutingError (No route matches [GET] "/assets/image001.png"):
  actionpack (3.2.13) lib/action_dispatch/middleware/debug_exceptions.rb:21:in `call'
  actionpack (3.2.13) lib/action_dispatch/middleware/show_exceptions.rb:56:in `call'
  railties (3.2.13) lib/rails/rack/logger.rb:32:in `call_app'
  railties (3.2.13) lib/rails/rack/logger.rb:16:in `block in call'
  activesupport (3.2.13) lib/active_support/tagged_logging.rb:22:in `tagged'
  railties (3.2.13) lib/rails/rack/logger.rb:16:in `call'
  actionpack (3.2.13) lib/action_dispatch/middleware/request_id.rb:22:in `call'
  rack (1.4.5) lib/rack/methodoverride.rb:21:in `call'
  rack (1.4.5) lib/rack/runtime.rb:17:in `call'
  activesupport (3.2.13) lib/active_support/cache/strategy/local_cache.rb:72:in `call'
  rack (1.4.5) lib/rack/lock.rb:15:in `call'
  actionpack (3.2.13) lib/action_dispatch/middleware/static.rb:63:in `call'
  railties (3.2.13) lib/rails/engine.rb:479:in `call'
  railties (3.2.13) lib/rails/application.rb:223:in `call'
  rack (1.4.5) lib/rack/content_length.rb:14:in `call'
  railties (3.2.13) lib/rails/rack/log_tailer.rb:17:in `call'
  rack (1.4.5) lib/rack/handler/webrick.rb:59:in `service'
  /home/ani/.rvm/rubies/ruby-1.9.3-p194/lib/ruby/1.9.1/webrick/httpserver.rb:138:in `service'
  /home/ani/.rvm/rubies/ruby-1.9.3-p194/lib/ruby/1.9.1/webrick/httpserver.rb:94:in `run'
  /home/ani/.rvm/rubies/ruby-1.9.3-p194/lib/ruby/1.9.1/webrick/server.rb:191:in `block in start_thread'


  Rendered /home/ani/.rvm/gems/ruby-1.9.3-p194/gems/actionpack-3.2.13/lib/action_dispatch/middleware/templates/rescues/routing_error.erb within rescues/layout (1.0ms)


Started POST "/upload" for 127.0.0.1 at 2013-09-20 09:57:55 +0530
Processing by HomeController#upload as HTML
  Parameters: {"utf8"=>"✓", "authenticity_token"=>"47CpBaNTa8Ortt8UBZ+Vck4OwEVQZ5C5JzrM7qR9hGY=", "image"=>#<ActionDispatch::Http::UploadedFile:0x007f2568712778 @original_filename="image001.png", @content_type="image/png", @headers="Content-Disposition: form-data; name=\"image\"; filename=\"image001.png\"\r\nContent-Type: image/png\r\n", @tempfile=#<File:/tmp/RackMultipart20130920-12673-5ixvf6>>, "commit"=>"Upload"}
  Rendered home/upload.html.haml within layouts/application (25.5ms)
Completed 200 OK in 170ms (Views: 32.1ms | ActiveRecord: 0.0ms)


Started GET "/assets/application.css?body=1" for 127.0.0.1 at 2013-09-20 09:57:55 +0530
Served asset /application.css - 200 OK (0ms)


Started GET "/assets/application.js?body=1" for 127.0.0.1 at 2013-09-20 09:57:55 +0530
Served asset /application.js - 200 OK (1ms)


Started GET "/assets/jquery_ujs.js?body=1" for 127.0.0.1 at 2013-09-20 09:57:55 +0530
Served asset /jquery_ujs.js - 200 OK (0ms)


Started GET "/assets/jquery.js?body=1" for 127.0.0.1 at 2013-09-20 09:57:55 +0530
Served asset /jquery.js - 200 OK (1ms)


Started GET "/public/images/image001.png" for 127.0.0.1 at 2013-09-20 09:57:55 +0530

ActionController::RoutingError (No route matches [GET] "/public/images/image001.png"):
  actionpack (3.2.13) lib/action_dispatch/middleware/debug_exceptions.rb:21:in `call'
  actionpack (3.2.13) lib/action_dispatch/middleware/show_exceptions.rb:56:in `call'
  railties (3.2.13) lib/rails/rack/logger.rb:32:in `call_app'
  railties (3.2.13) lib/rails/rack/logger.rb:16:in `block in call'
  activesupport (3.2.13) lib/active_support/tagged_logging.rb:22:in `tagged'
  railties (3.2.13) lib/rails/rack/logger.rb:16:in `call'
  actionpack (3.2.13) lib/action_dispatch/middleware/request_id.rb:22:in `call'
  rack (1.4.5) lib/rack/methodoverride.rb:21:in `call'
  rack (1.4.5) lib/rack/runtime.rb:17:in `call'
  activesupport (3.2.13) lib/active_support/cache/strategy/local_cache.rb:72:in `call'
  rack (1.4.5) lib/rack/lock.rb:15:in `call'
  actionpack (3.2.13) lib/action_dispatch/middleware/static.rb:63:in `call'
  railties (3.2.13) lib/rails/engine.rb:479:in `call'
  railties (3.2.13) lib/rails/application.rb:223:in `call'
  rack (1.4.5) lib/rack/content_length.rb:14:in `call'
  railties (3.2.13) lib/rails/rack/log_tailer.rb:17:in `call'
  rack (1.4.5) lib/rack/handler/webrick.rb:59:in `service'
  /home/ani/.rvm/rubies/ruby-1.9.3-p194/lib/ruby/1.9.1/webrick/httpserver.rb:138:in `service'
  /home/ani/.rvm/rubies/ruby-1.9.3-p194/lib/ruby/1.9.1/webrick/httpserver.rb:94:in `run'
  /home/ani/.rvm/rubies/ruby-1.9.3-p194/lib/ruby/1.9.1/webrick/server.rb:191:in `block in start_thread'


  Rendered /home/ani/.rvm/gems/ruby-1.9.3-p194/gems/actionpack-3.2.13/lib/action_dispatch/middleware/templates/rescues/routing_error.erb within rescues/layout (1.4ms)


Started GET "/public/images/image001.png" for 127.0.0.1 at 2013-09-20 09:58:24 +0530

ActionController::RoutingError (No route matches [GET] "/public/images/image001.png"):
  actionpack (3.2.13) lib/action_dispatch/middleware/debug_exceptions.rb:21:in `call'
  actionpack (3.2.13) lib/action_dispatch/middleware/show_exceptions.rb:56:in `call'
  railties (3.2.13) lib/rails/rack/logger.rb:32:in `call_app'
  railties (3.2.13) lib/rails/rack/logger.rb:16:in `block in call'
  activesupport (3.2.13) lib/active_support/tagged_logging.rb:22:in `tagged'
  railties (3.2.13) lib/rails/rack/logger.rb:16:in `call'
  actionpack (3.2.13) lib/action_dispatch/middleware/request_id.rb:22:in `call'
  rack (1.4.5) lib/rack/methodoverride.rb:21:in `call'
  rack (1.4.5) lib/rack/runtime.rb:17:in `call'
  activesupport (3.2.13) lib/active_support/cache/strategy/local_cache.rb:72:in `call'
  rack (1.4.5) lib/rack/lock.rb:15:in `call'
  actionpack (3.2.13) lib/action_dispatch/middleware/static.rb:63:in `call'
  railties (3.2.13) lib/rails/engine.rb:479:in `call'
  railties (3.2.13) lib/rails/application.rb:223:in `call'
  rack (1.4.5) lib/rack/content_length.rb:14:in `call'
  railties (3.2.13) lib/rails/rack/log_tailer.rb:17:in `call'
  rack (1.4.5) lib/rack/handler/webrick.rb:59:in `service'
  /home/ani/.rvm/rubies/ruby-1.9.3-p194/lib/ruby/1.9.1/webrick/httpserver.rb:138:in `service'
  /home/ani/.rvm/rubies/ruby-1.9.3-p194/lib/ruby/1.9.1/webrick/httpserver.rb:94:in `run'
  /home/ani/.rvm/rubies/ruby-1.9.3-p194/lib/ruby/1.9.1/webrick/server.rb:191:in `block in start_thread'


  Rendered /home/ani/.rvm/gems/ruby-1.9.3-p194/gems/actionpack-3.2.13/lib/action_dispatch/middleware/templates/rescues/routing_error.erb within rescues/layout (1.1ms)


Started GET "/public/image001.png" for 127.0.0.1 at 2013-09-20 09:58:42 +0530

ActionController::RoutingError (No route matches [GET] "/public/image001.png"):
  actionpack (3.2.13) lib/action_dispatch/middleware/debug_exceptions.rb:21:in `call'
  actionpack (3.2.13) lib/action_dispatch/middleware/show_exceptions.rb:56:in `call'
  railties (3.2.13) lib/rails/rack/logger.rb:32:in `call_app'
  railties (3.2.13) lib/rails/rack/logger.rb:16:in `block in call'
  activesupport (3.2.13) lib/active_support/tagged_logging.rb:22:in `tagged'
  railties (3.2.13) lib/rails/rack/logger.rb:16:in `call'
  actionpack (3.2.13) lib/action_dispatch/middleware/request_id.rb:22:in `call'
  rack (1.4.5) lib/rack/methodoverride.rb:21:in `call'
  rack (1.4.5) lib/rack/runtime.rb:17:in `call'
  activesupport (3.2.13) lib/active_support/cache/strategy/local_cache.rb:72:in `call'
  rack (1.4.5) lib/rack/lock.rb:15:in `call'
  actionpack (3.2.13) lib/action_dispatch/middleware/static.rb:63:in `call'
  railties (3.2.13) lib/rails/engine.rb:479:in `call'
  railties (3.2.13) lib/rails/application.rb:223:in `call'
  rack (1.4.5) lib/rack/content_length.rb:14:in `call'
  railties (3.2.13) lib/rails/rack/log_tailer.rb:17:in `call'
  rack (1.4.5) lib/rack/handler/webrick.rb:59:in `service'
  /home/ani/.rvm/rubies/ruby-1.9.3-p194/lib/ruby/1.9.1/webrick/httpserver.rb:138:in `service'
  /home/ani/.rvm/rubies/ruby-1.9.3-p194/lib/ruby/1.9.1/webrick/httpserver.rb:94:in `run'
  /home/ani/.rvm/rubies/ruby-1.9.3-p194/lib/ruby/1.9.1/webrick/server.rb:191:in `block in start_thread'


  Rendered /home/ani/.rvm/gems/ruby-1.9.3-p194/gems/actionpack-3.2.13/lib/action_dispatch/middleware/templates/rescues/routing_error.erb within rescues/layout (1.1ms)


Started POST "/upload" for 127.0.0.1 at 2013-09-20 09:58:48 +0530
Processing by HomeController#upload as HTML
  Parameters: {"utf8"=>"✓", "authenticity_token"=>"47CpBaNTa8Ortt8UBZ+Vck4OwEVQZ5C5JzrM7qR9hGY=", "image"=>#<ActionDispatch::Http::UploadedFile:0x007f256025f9b8 @original_filename="image001.png", @content_type="image/png", @headers="Content-Disposition: form-data; name=\"image\"; filename=\"image001.png\"\r\nContent-Type: image/png\r\n", @tempfile=#<File:/tmp/RackMultipart20130920-12673-1fdh8tw>>, "commit"=>"Upload"}
  Rendered home/upload.html.haml within layouts/application (7.0ms)
Completed 200 OK in 155ms (Views: 13.6ms | ActiveRecord: 0.0ms)


Started GET "/" for 127.0.0.1 at 2013-09-20 10:05:31 +0530
Processing by HomeController#index as HTML
  Rendered home/index.html.haml within layouts/application (22.3ms)
Completed 200 OK in 94ms (Views: 93.4ms | ActiveRecord: 0.0ms)


Started GET "/assets/application.css?body=1" for 127.0.0.1 at 2013-09-20 10:05:32 +0530
Served asset /application.css - 304 Not Modified (26ms)


Started GET "/assets/jquery_ujs.js?body=1" for 127.0.0.1 at 2013-09-20 10:05:32 +0530
Served asset /jquery_ujs.js - 304 Not Modified (19ms)


Started GET "/assets/jquery.js?body=1" for 127.0.0.1 at 2013-09-20 10:05:32 +0530
Served asset /jquery.js - 304 Not Modified (66ms)


Started GET "/assets/application.js?body=1" for 127.0.0.1 at 2013-09-20 10:05:32 +0530
Served asset /application.js - 304 Not Modified (204ms)


Started POST "/upload" for 127.0.0.1 at 2013-09-20 10:05:56 +0530
Processing by HomeController#upload as HTML
  Parameters: {"utf8"=>"✓", "authenticity_token"=>"oqDg5RddsOZXW4WfCf+OqhvMoO1sIEuKweFEzh2Q7s0=", "image"=>#<ActionDispatch::Http::UploadedFile:0x00000002140120 @original_filename="arrow.JPG", @content_type="image/jpeg", @headers="Content-Disposition: form-data; name=\"image\"; filename=\"arrow.JPG\"\r\nContent-Type: image/jpeg\r\n", @tempfile=#<File:/tmp/RackMultipart20130920-12673-1dgm0o2>>, "commit"=>"Upload"}
  Rendered home/upload.html.haml within layouts/application (8.6ms)
Completed 200 OK in 1507ms (Views: 38.3ms | ActiveRecord: 0.0ms)


Started GET "/assets/application.css?body=1" for 127.0.0.1 at 2013-09-20 10:05:57 +0530
Served asset /application.css - 304 Not Modified (0ms)


Started GET "/assets/jquery.js?body=1" for 127.0.0.1 at 2013-09-20 10:05:57 +0530
Served asset /jquery.js - 200 OK (1ms)


Started GET "/assets/jquery_ujs.js?body=1" for 127.0.0.1 at 2013-09-20 10:05:57 +0530
Served asset /jquery_ujs.js - 304 Not Modified (0ms)


Started GET "/assets/application.js?body=1" for 127.0.0.1 at 2013-09-20 10:05:57 +0530
Served asset /application.js - 304 Not Modified (1ms)
Connecting to database specified by database.yml


Started GET "/" for 127.0.0.1 at 2013-09-20 23:05:06 +0800
Processing by HomeController#index as HTML
  Rendered home/index.html.haml within layouts/application (47.1ms)
Compiled jquery.js  (3ms)  (pid 3576)
Compiled jquery_ujs.js  (0ms)  (pid 3576)
Compiled application.js  (84ms)  (pid 3576)
Completed 200 OK in 180ms (Views: 179.1ms | ActiveRecord: 0.0ms)


Started GET "/assets/jquery_ujs.js?body=1" for 127.0.0.1 at 2013-09-20 23:05:06 +0800
Served asset /jquery_ujs.js - 304 Not Modified (5ms)


Started GET "/assets/application.js?body=1" for 127.0.0.1 at 2013-09-20 23:05:06 +0800
Served asset /application.js - 304 Not Modified (11ms)


Started GET "/assets/jquery.js?body=1" for 127.0.0.1 at 2013-09-20 23:05:06 +0800
Served asset /jquery.js - 304 Not Modified (5ms)


Started GET "/assets/application.css?body=1" for 127.0.0.1 at 2013-09-20 23:05:06 +0800
Served asset /application.css - 304 Not Modified (2ms)


Started POST "/upload" for 127.0.0.1 at 2013-09-20 23:05:16 +0800
Processing by HomeController#upload as HTML
  Parameters: {"utf8"=>"✓", "authenticity_token"=>"uh7WLtWrBLeXHCgpB4+VX8CQsRsInnaBSdblbv71F4Q=", "image"=>#<ActionDispatch::Http::UploadedFile:0xa8ef6d4 @original_filename="1.bmp", @content_type="image/bmp", @headers="Content-Disposition: form-data; name=\"image\"; filename=\"1.bmp\"\r\nContent-Type: image/bmp\r\n", @tempfile=#<File:/tmp/RackMultipart20130920-3576-aej5kl>>, "commit"=>"Upload"}
Completed 500 Internal Server Error in 75ms

MiniExiftool::Error (sh: 1: exiftool: not found
):
  app/controllers/home_controller.rb:10:in `new'
  app/controllers/home_controller.rb:10:in `upload'


  Rendered /home/luh/.rvm/gems/ruby-1.9.3-p362/gems/actionpack-3.2.13/lib/action_dispatch/middleware/templates/rescues/_trace.erb (2.0ms)
  Rendered /home/luh/.rvm/gems/ruby-1.9.3-p362/gems/actionpack-3.2.13/lib/action_dispatch/middleware/templates/rescues/_request_and_response.erb (1.8ms)
  Rendered /home/luh/.rvm/gems/ruby-1.9.3-p362/gems/actionpack-3.2.13/lib/action_dispatch/middleware/templates/rescues/diagnostics.erb within rescues/layout (15.1ms)


Started POST "/upload" for 127.0.0.1 at 2013-09-20 23:07:46 +0800
Processing by HomeController#upload as HTML
  Parameters: {"utf8"=>"✓", "authenticity_token"=>"uh7WLtWrBLeXHCgpB4+VX8CQsRsInnaBSdblbv71F4Q=", "image"=>#<ActionDispatch::Http::UploadedFile:0xa8d14e0 @original_filename="1.bmp", @content_type="image/bmp", @headers="Content-Disposition: form-data; name=\"image\"; filename=\"1.bmp\"\r\nContent-Type: image/bmp\r\n", @tempfile=#<File:/tmp/RackMultipart20130920-3576-13y2193>>, "commit"=>"Upload"}
Completed 500 Internal Server Error in 50ms

MiniExiftool::Error (sh: 1: exiftool: not found
):
  app/controllers/home_controller.rb:10:in `new'
  app/controllers/home_controller.rb:10:in `upload'


  Rendered /home/luh/.rvm/gems/ruby-1.9.3-p362/gems/actionpack-3.2.13/lib/action_dispatch/middleware/templates/rescues/_trace.erb (2.0ms)
  Rendered /home/luh/.rvm/gems/ruby-1.9.3-p362/gems/actionpack-3.2.13/lib/action_dispatch/middleware/templates/rescues/_request_and_response.erb (1.7ms)
  Rendered /home/luh/.rvm/gems/ruby-1.9.3-p362/gems/actionpack-3.2.13/lib/action_dispatch/middleware/templates/rescues/diagnostics.erb within rescues/layout (16.0ms)


Started GET "/" for 127.0.0.1 at 2013-09-20 23:07:50 +0800
Processing by HomeController#index as HTML
  Rendered home/index.html.haml within layouts/application (1.5ms)
Completed 200 OK in 7ms (Views: 6.2ms | ActiveRecord: 0.0ms)


Started GET "/assets/application.css?body=1" for 127.0.0.1 at 2013-09-20 23:07:50 +0800
Served asset /application.css - 304 Not Modified (0ms)


Started GET "/assets/jquery.js?body=1" for 127.0.0.1 at 2013-09-20 23:07:50 +0800
Served asset /jquery.js - 304 Not Modified (110ms)


Started GET "/assets/application.js?body=1" for 127.0.0.1 at 2013-09-20 23:07:50 +0800
Served asset /application.js - 304 Not Modified (36ms)


Started GET "/assets/jquery_ujs.js?body=1" for 127.0.0.1 at 2013-09-20 23:07:50 +0800
Served asset /jquery_ujs.js - 304 Not Modified (0ms)


Started POST "/upload" for 127.0.0.1 at 2013-09-20 23:08:00 +0800
Processing by HomeController#upload as HTML
  Parameters: {"utf8"=>"✓", "authenticity_token"=>"uh7WLtWrBLeXHCgpB4+VX8CQsRsInnaBSdblbv71F4Q=", "image"=>#<ActionDispatch::Http::UploadedFile:0xa8f8978 @original_filename="design_ruby.png", @content_type="image/png", @headers="Content-Disposition: form-data; name=\"image\"; filename=\"design_ruby.png\"\r\nContent-Type: image/png\r\n", @tempfile=#<File:/tmp/RackMultipart20130920-3576-vf8gg5>>, "commit"=>"Upload"}
Completed 500 Internal Server Error in 7ms

MiniExiftool::Error (sh: 1: exiftool: not found
):
  app/controllers/home_controller.rb:10:in `new'
  app/controllers/home_controller.rb:10:in `upload'


  Rendered /home/luh/.rvm/gems/ruby-1.9.3-p362/gems/actionpack-3.2.13/lib/action_dispatch/middleware/templates/rescues/_trace.erb (2.4ms)
  Rendered /home/luh/.rvm/gems/ruby-1.9.3-p362/gems/actionpack-3.2.13/lib/action_dispatch/middleware/templates/rescues/_request_and_response.erb (1.8ms)
  Rendered /home/luh/.rvm/gems/ruby-1.9.3-p362/gems/actionpack-3.2.13/lib/action_dispatch/middleware/templates/rescues/diagnostics.erb within rescues/layout (14.3ms)


Started POST "/upload" for 127.0.0.1 at 2013-09-20 23:09:56 +0800
Processing by HomeController#upload as HTML
  Parameters: {"utf8"=>"✓", "authenticity_token"=>"uh7WLtWrBLeXHCgpB4+VX8CQsRsInnaBSdblbv71F4Q=", "image"=>#<ActionDispatch::Http::UploadedFile:0xa956e60 @original_filename="design_ruby.png", @content_type="image/png", @headers="Content-Disposition: form-data; name=\"image\"; filename=\"design_ruby.png\"\r\nContent-Type: image/png\r\n", @tempfile=#<File:/tmp/RackMultipart20130920-3576-1v2dae0>>, "commit"=>"Upload"}
  Rendered home/upload.html.haml within layouts/application (83.1ms)
Completed 500 Internal Server Error in 87ms

ActionView::Template::Error (undefined method `tags' for nil:NilClass):
    1: 
    2: %table
    3:   - (@photo.tags.compact - ['ExifToolVersion', 'Filename', 'Directory']).each do |tag|
    4:     %tr
    5:       %td= tag.ljust(28)
    6:       %td= @photo[tag]
  app/views/home/upload.html.haml:3:in `_app_views_home_upload_html_haml__736595276_88791800'


  Rendered /home/luh/.rvm/gems/ruby-1.9.3-p362/gems/actionpack-3.2.13/lib/action_dispatch/middleware/templates/rescues/_trace.erb (2.1ms)
  Rendered /home/luh/.rvm/gems/ruby-1.9.3-p362/gems/actionpack-3.2.13/lib/action_dispatch/middleware/templates/rescues/_request_and_response.erb (1.6ms)
  Rendered /home/luh/.rvm/gems/ruby-1.9.3-p362/gems/actionpack-3.2.13/lib/action_dispatch/middleware/templates/rescues/template_error.erb within rescues/layout (15.6ms)


Started POST "/upload" for 127.0.0.1 at 2013-09-20 23:10:33 +0800
Processing by HomeController#upload as HTML
  Parameters: {"utf8"=>"✓", "authenticity_token"=>"uh7WLtWrBLeXHCgpB4+VX8CQsRsInnaBSdblbv71F4Q=", "image"=>#<ActionDispatch::Http::UploadedFile:0xa8ef148 @original_filename="design_ruby.png", @content_type="image/png", @headers="Content-Disposition: form-data; name=\"image\"; filename=\"design_ruby.png\"\r\nContent-Type: image/png\r\n", @tempfile=#<File:/tmp/RackMultipart20130920-3576-1bxpy1t>>, "commit"=>"Upload"}
Completed 500 Internal Server Error in 19ms

MiniExiftool::Error (sh: 1: exiftool: not found
):
  app/controllers/home_controller.rb:10:in `new'
  app/controllers/home_controller.rb:10:in `upload'


  Rendered /home/luh/.rvm/gems/ruby-1.9.3-p362/gems/actionpack-3.2.13/lib/action_dispatch/middleware/templates/rescues/_trace.erb (1.9ms)
  Rendered /home/luh/.rvm/gems/ruby-1.9.3-p362/gems/actionpack-3.2.13/lib/action_dispatch/middleware/templates/rescues/_request_and_response.erb (1.7ms)
  Rendered /home/luh/.rvm/gems/ruby-1.9.3-p362/gems/actionpack-3.2.13/lib/action_dispatch/middleware/templates/rescues/diagnostics.erb within rescues/layout (13.4ms)
Connecting to database specified by database.yml


Started GET "/" for 127.0.0.1 at 2013-09-20 23:12:35 +0800
Processing by HomeController#index as HTML
  Rendered home/index.html.haml within layouts/application (45.1ms)
Completed 200 OK in 132ms (Views: 130.9ms | ActiveRecord: 0.0ms)


Started GET "/assets/application.css?body=1" for 127.0.0.1 at 2013-09-20 23:12:35 +0800
Served asset /application.css - 304 Not Modified (2ms)


Started GET "/assets/jquery.js?body=1" for 127.0.0.1 at 2013-09-20 23:12:35 +0800
Served asset /jquery.js - 304 Not Modified (36ms)


Started GET "/assets/jquery_ujs.js?body=1" for 127.0.0.1 at 2013-09-20 23:12:35 +0800
Served asset /jquery_ujs.js - 304 Not Modified (8ms)


Started GET "/assets/application.js?body=1" for 127.0.0.1 at 2013-09-20 23:12:35 +0800
Served asset /application.js - 304 Not Modified (12ms)


Started POST "/upload" for 127.0.0.1 at 2013-09-20 23:12:41 +0800
Processing by HomeController#upload as HTML
  Parameters: {"utf8"=>"✓", "authenticity_token"=>"uh7WLtWrBLeXHCgpB4+VX8CQsRsInnaBSdblbv71F4Q=", "image"=>#<ActionDispatch::Http::UploadedFile:0x9e0e954 @original_filename="11.png", @content_type="image/png", @headers="Content-Disposition: form-data; name=\"image\"; filename=\"11.png\"\r\nContent-Type: image/png\r\n", @tempfile=#<File:/tmp/RackMultipart20130920-4042-an78js>>, "commit"=>"Upload"}
Completed 500 Internal Server Error in 41ms

MiniExiftool::Error (sh: 1: exiftool: not found
):
  app/controllers/home_controller.rb:10:in `new'
  app/controllers/home_controller.rb:10:in `upload'


  Rendered /home/luh/.rvm/gems/ruby-1.9.3-p362/gems/actionpack-3.2.13/lib/action_dispatch/middleware/templates/rescues/_trace.erb (2.0ms)
  Rendered /home/luh/.rvm/gems/ruby-1.9.3-p362/gems/actionpack-3.2.13/lib/action_dispatch/middleware/templates/rescues/_request_and_response.erb (1.9ms)
  Rendered /home/luh/.rvm/gems/ruby-1.9.3-p362/gems/actionpack-3.2.13/lib/action_dispatch/middleware/templates/rescues/diagnostics.erb within rescues/layout (14.1ms)
Connecting to database specified by database.yml


Started GET "/" for 127.0.0.1 at 2013-09-21 21:51:50 +0800
Processing by HomeController#index as HTML
  Rendered home/index.html.haml within layouts/application (6.8ms)
Completed 200 OK in 177ms (Views: 176.5ms | ActiveRecord: 0.0ms)


Started GET "/assets/jquery.js?body=1" for 127.0.0.1 at 2013-09-21 21:51:51 +0800
Served asset /jquery.js - 304 Not Modified (24ms)


Started GET "/assets/jquery_ujs.js?body=1" for 127.0.0.1 at 2013-09-21 21:51:51 +0800
Served asset /jquery_ujs.js - 304 Not Modified (5ms)


Started GET "/assets/application.js?body=1" for 127.0.0.1 at 2013-09-21 21:51:51 +0800
Served asset /application.js - 304 Not Modified (13ms)


Started GET "/assets/application.css?body=1" for 127.0.0.1 at 2013-09-21 21:51:51 +0800
Served asset /application.css - 304 Not Modified (2ms)


Started POST "/upload" for 127.0.0.1 at 2013-09-21 21:51:57 +0800
Processing by HomeController#upload as HTML
  Parameters: {"utf8"=>"✓", "authenticity_token"=>"YmhxfbHabHGWBvNBUnEbOosx9+Sn5XCOhtOebeMd9A4=", "image"=>#<ActionDispatch::Http::UploadedFile:0x997b34c @original_filename="1.bmp", @content_type="image/bmp", @headers="Content-Disposition: form-data; name=\"image\"; filename=\"1.bmp\"\r\nContent-Type: image/bmp\r\n", @tempfile=#<File:/tmp/RackMultipart20130921-7023-1at2n9>>, "commit"=>"Upload"}
  Rendered home/upload.html.haml within layouts/application (14987.9ms)
Completed 200 OK in 15949ms (Views: 15000.8ms | ActiveRecord: 0.0ms)


Started GET "/assets/application.css?body=1" for 127.0.0.1 at 2013-09-21 21:52:13 +0800
Served asset /application.css - 304 Not Modified (0ms)


Started GET "/assets/jquery.js?body=1" for 127.0.0.1 at 2013-09-21 21:52:13 +0800
Served asset /jquery.js - 304 Not Modified (0ms)


Started GET "/assets/jquery_ujs.js?body=1" for 127.0.0.1 at 2013-09-21 21:52:13 +0800
Served asset /jquery_ujs.js - 304 Not Modified (0ms)


Started GET "/assets/application.js?body=1" for 127.0.0.1 at 2013-09-21 21:52:13 +0800
Served asset /application.js - 304 Not Modified (1ms)


Started POST "/upload" for 127.0.0.1 at 2013-09-21 21:55:11 +0800
Processing by HomeController#upload as HTML
  Parameters: {"utf8"=>"✓", "authenticity_token"=>"YmhxfbHabHGWBvNBUnEbOosx9+Sn5XCOhtOebeMd9A4=", "image"=>#<ActionDispatch::Http::UploadedFile:0xb50e6a18 @original_filename="1.bmp", @content_type="image/bmp", @headers="Content-Disposition: form-data; name=\"image\"; filename=\"1.bmp\"\r\nContent-Type: image/bmp\r\n", @tempfile=#<File:/tmp/RackMultipart20130921-7023-4r4g7o>>, "commit"=>"Upload"}
  Rendered home/upload.html.haml within layouts/application (8.2ms)
Completed 200 OK in 331ms (Views: 19.5ms | ActiveRecord: 0.0ms)


Started GET "/assets/application.css?body=1" for 127.0.0.1 at 2013-09-21 21:55:12 +0800
Served asset /application.css - 200 OK (0ms)


Started GET "/assets/jquery.js?body=1" for 127.0.0.1 at 2013-09-21 21:55:12 +0800
Served asset /jquery.js - 200 OK (0ms)


Started GET "/assets/jquery_ujs.js?body=1" for 127.0.0.1 at 2013-09-21 21:55:12 +0800
Served asset /jquery_ujs.js - 200 OK (0ms)


Started GET "/assets/application.js?body=1" for 127.0.0.1 at 2013-09-21 21:55:12 +0800
Served asset /application.js - 200 OK (2ms)


Started POST "/upload" for 127.0.0.1 at 2013-09-21 21:57:30 +0800
Processing by HomeController#upload as HTML
  Parameters: {"utf8"=>"✓", "authenticity_token"=>"YmhxfbHabHGWBvNBUnEbOosx9+Sn5XCOhtOebeMd9A4=", "image"=>#<ActionDispatch::Http::UploadedFile:0xb4d2c0bc @original_filename="1.bmp", @content_type="image/bmp", @headers="Content-Disposition: form-data; name=\"image\"; filename=\"1.bmp\"\r\nContent-Type: image/bmp\r\n", @tempfile=#<File:/tmp/RackMultipart20130921-7023-utj0yk>>, "commit"=>"Upload"}
  Rendered home/upload.html.haml within layouts/application (2.0ms)
Compiled application.css  (1ms)  (pid 7023)
Completed 200 OK in 242ms (Views: 51.0ms | ActiveRecord: 0.0ms)


Started GET "/assets/application.css?body=1" for 127.0.0.1 at 2013-09-21 21:57:31 +0800
Served asset /application.css - 200 OK (2ms)


Started GET "/assets/jquery.js?body=1" for 127.0.0.1 at 2013-09-21 21:57:31 +0800
Served asset /jquery.js - 200 OK (1ms)


Started GET "/assets/jquery_ujs.js?body=1" for 127.0.0.1 at 2013-09-21 21:57:31 +0800
Served asset /jquery_ujs.js - 200 OK (0ms)


Started GET "/assets/application.js?body=1" for 127.0.0.1 at 2013-09-21 21:57:31 +0800
Served asset /application.js - 200 OK (1ms)


Started POST "/upload" for 127.0.0.1 at 2013-09-21 21:57:46 +0800
Processing by HomeController#upload as HTML
  Parameters: {"utf8"=>"✓", "authenticity_token"=>"YmhxfbHabHGWBvNBUnEbOosx9+Sn5XCOhtOebeMd9A4=", "image"=>#<ActionDispatch::Http::UploadedFile:0xb4c66ccc @original_filename="11.png", @content_type="image/png", @headers="Content-Disposition: form-data; name=\"image\"; filename=\"11.png\"\r\nContent-Type: image/png\r\n", @tempfile=#<File:/tmp/RackMultipart20130921-7023-ev1b85>>, "commit"=>"Upload"}
  Rendered home/upload.html.haml within layouts/application (2.7ms)
Completed 200 OK in 221ms (Views: 9.5ms | ActiveRecord: 0.0ms)


Started GET "/assets/application.css?body=1" for 127.0.0.1 at 2013-09-21 21:57:46 +0800
Served asset /application.css - 304 Not Modified (0ms)


Started POST "/upload" for 127.0.0.1 at 2013-09-21 21:59:12 +0800
Processing by HomeController#upload as HTML
  Parameters: {"utf8"=>"✓", "authenticity_token"=>"YmhxfbHabHGWBvNBUnEbOosx9+Sn5XCOhtOebeMd9A4=", "image"=>#<ActionDispatch::Http::UploadedFile:0x949a210 @original_filename="11.png", @content_type="image/png", @headers="Content-Disposition: form-data; name=\"image\"; filename=\"11.png\"\r\nContent-Type: image/png\r\n", @tempfile=#<File:/tmp/RackMultipart20130921-7023-1usrg72>>, "commit"=>"Upload"}
  Rendered home/upload.html.haml within layouts/application (5.7ms)
Compiled application.css  (1ms)  (pid 7023)
Completed 200 OK in 245ms (Views: 21.7ms | ActiveRecord: 0.0ms)


Started GET "/assets/application.css?body=1" for 127.0.0.1 at 2013-09-21 21:59:12 +0800
Served asset /application.css - 200 OK (6ms)


Started GET "/assets/jquery.js?body=1" for 127.0.0.1 at 2013-09-21 21:59:12 +0800
Served asset /jquery.js - 200 OK (0ms)


Started GET "/assets/jquery_ujs.js?body=1" for 127.0.0.1 at 2013-09-21 21:59:12 +0800
Served asset /jquery_ujs.js - 200 OK (0ms)


Started GET "/assets/application.js?body=1" for 127.0.0.1 at 2013-09-21 21:59:12 +0800
Served asset /application.js - 200 OK (1ms)


Started POST "/upload" for 127.0.0.1 at 2013-09-21 21:59:42 +0800
Processing by HomeController#upload as HTML
  Parameters: {"utf8"=>"✓", "authenticity_token"=>"YmhxfbHabHGWBvNBUnEbOosx9+Sn5XCOhtOebeMd9A4=", "image"=>#<ActionDispatch::Http::UploadedFile:0x9760e68 @original_filename="design.png", @content_type="image/png", @headers="Content-Disposition: form-data; name=\"image\"; filename=\"design.png\"\r\nContent-Type: image/png\r\n", @tempfile=#<File:/tmp/RackMultipart20130921-7023-1r25je5>>, "commit"=>"Upload"}
  Rendered home/upload.html.haml within layouts/application (2.0ms)
Completed 200 OK in 225ms (Views: 7.8ms | ActiveRecord: 0.0ms)


Started GET "/assets/application.css?body=1" for 127.0.0.1 at 2013-09-21 21:59:43 +0800
Served asset /application.css - 304 Not Modified (0ms)
